# JRE version: Java(TM) SE Runtime Environment (17.0.8+9) (build 17.0.8+9-LTS-211)
# Java VM: Java HotSpot(TM) 64-Bit Server VM (17.0.8+9-LTS-211, mixed mode, sharing, tiered, compressed oops, compressed class ptrs, g1 gc, bsd-amd64)
GC Precious Log:
 CPUs: 4 total, 4 available
 Memory: 8192M
 Large Page Support: Disabled
 NUMA Support: Disabled
 Compressed Oops: Enabled (Zero based)
 Heap Region Size: 1M
 Heap Min Capacity: 8M
 Heap Initial Capacity: 128M
 Heap Max Capacity: 2G
 Pre-touch: Disabled
 Parallel Workers: 4
 Concurrent Workers: 1
 Concurrent Refinement Workers: 4
 Periodic GC: Disabled
Heap:
 garbage-first heap   total 104448K, used 52437K [0x0000000780000000, 0x0000000800000000)
  region size 1024K, 7 young (7168K), 5 survivors (5120K)
 Metaspace       used 28842K, committed 29184K, reserved 1114112K
  class space    used 4022K, committed 4224K, reserved 1048576K
GC Heap History (20 events):
Event: 8.241 GC heap before
{Heap before GC invocations=4 (full 0):
 garbage-first heap   total 58368K, used 44891K [0x0000000780000000, 0x0000000800000000)
  region size 1024K, 25 young (25600K), 8 survivors (8192K)
 Metaspace       used 23353K, committed 23680K, reserved 1114112K
  class space    used 3292K, committed 3456K, reserved 1048576K
}
Event: 8.253 GC heap after
{Heap after GC invocations=5 (full 0):
 garbage-first heap   total 59392K, used 31792K [0x0000000780000000, 0x0000000800000000)
  region size 1024K, 3 young (3072K), 3 survivors (3072K)
 Metaspace       used 23353K, committed 23680K, reserved 1114112K
  class space    used 3292K, committed 3456K, reserved 1048576K
}
Event: 8.442 GC heap before
{Heap before GC invocations=5 (full 0):
 garbage-first heap   total 59392K, used 37936K [0x0000000780000000, 0x0000000800000000)
  region size 1024K, 10 young (10240K), 3 survivors (3072K)
 Metaspace       used 23670K, committed 23936K, reserved 1114112K
  class space    used 3317K, committed 3456K, reserved 1048576K
}
Event: 8.448 GC heap after
{Heap after GC invocations=6 (full 0):
 garbage-first heap   total 59392K, used 33277K [0x0000000780000000, 0x0000000800000000)
  region size 1024K, 2 young (2048K), 2 survivors (2048K)
 Metaspace       used 23670K, committed 23936K, reserved 1114112K
  class space    used 3317K, committed 3456K, reserved 1048576K
}
Event: 10.950 GC heap before
{Heap before GC invocations=7 (full 0):
 garbage-first heap   total 65536K, used 45565K [0x0000000780000000, 0x0000000800000000)
  region size 1024K, 13 young (13312K), 2 survivors (2048K)
 Metaspace       used 24667K, committed 24960K, reserved 1114112K
  class space    used 3421K, committed 3584K, reserved 1048576K
}
Event: 10.953 GC heap after
{Heap after GC invocations=8 (full 0):
 garbage-first heap   total 65536K, used 35906K [0x0000000780000000, 0x0000000800000000)
  region size 1024K, 1 young (1024K), 1 survivors (1024K)
 Metaspace       used 24667K, committed 24960K, reserved 1114112K
  class space    used 3421K, committed 3584K, reserved 1048576K
}
Event: 15.149 GC heap before
{Heap before GC invocations=8 (full 0):
 garbage-first heap   total 65536K, used 46146K [0x0000000780000000, 0x0000000800000000)
  region size 1024K, 13 young (13312K), 1 survivors (1024K)
 Metaspace       used 26850K, committed 27200K, reserved 1114112K
  class space    used 3714K, committed 3904K, reserved 1048576K
}
Event: 15.152 GC heap after
{Heap after GC invocations=9 (full 0):
 garbage-first heap   total 65536K, used 37696K [0x0000000780000000, 0x0000000800000000)
  region size 1024K, 2 young (2048K), 2 survivors (2048K)
 Metaspace       used 26850K, committed 27200K, reserved 1114112K
  class space    used 3714K, committed 3904K, reserved 1048576K
}
Event: 15.268 GC heap before
{Heap before GC invocations=10 (full 0):
 garbage-first heap   total 68608K, used 49984K [0x0000000780000000, 0x0000000800000000)
  region size 1024K, 15 young (15360K), 2 survivors (2048K)
 Metaspace       used 26998K, committed 27328K, reserved 1114112K
  class space    used 3733K, committed 3904K, reserved 1048576K
}
Event: 15.271 GC heap after
{Heap after GC invocations=11 (full 0):
 garbage-first heap   total 68608K, used 39336K [0x0000000780000000, 0x0000000800000000)
  region size 1024K, 2 young (2048K), 2 survivors (2048K)
 Metaspace       used 26998K, committed 27328K, reserved 1114112K
  class space    used 3733K, committed 3904K, reserved 1048576K
}
Event: 15.274 GC heap before
{Heap before GC invocations=11 (full 0):
 garbage-first heap   total 68608K, used 40360K [0x0000000780000000, 0x0000000800000000)
  region size 1024K, 5 young (5120K), 2 survivors (2048K)
 Metaspace       used 27003K, committed 27328K, reserved 1114112K
  class space    used 3733K, committed 3904K, reserved 1048576K
}
Event: 15.276 GC heap after
{Heap after GC invocations=12 (full 0):
 garbage-first heap   total 68608K, used 39292K [0x0000000780000000, 0x0000000800000000)
  region size 1024K, 1 young (1024K), 1 survivors (1024K)
 Metaspace       used 27003K, committed 27328K, reserved 1114112K
  class space    used 3733K, committed 3904K, reserved 1048576K
}
Event: 17.610 GC heap before
{Heap before GC invocations=13 (full 0):
 garbage-first heap   total 83968K, used 46460K [0x0000000780000000, 0x0000000800000000)
  region size 1024K, 2 young (2048K), 1 survivors (1024K)
 Metaspace       used 27032K, committed 27392K, reserved 1114112K
  class space    used 3733K, committed 3904K, reserved 1048576K
}
Event: 17.612 GC heap after
{Heap after GC invocations=14 (full 0):
 garbage-first heap   total 83968K, used 42413K [0x0000000780000000, 0x0000000800000000)
  region size 1024K, 1 young (1024K), 1 survivors (1024K)
 Metaspace       used 27032K, committed 27392K, reserved 1114112K
  class space    used 3733K, committed 3904K, reserved 1048576K
}
Event: 17.714 GC heap before
{Heap before GC invocations=15 (full 0):
 garbage-first heap   total 83968K, used 43437K [0x0000000780000000, 0x0000000800000000)
  region size 1024K, 4 young (4096K), 1 survivors (1024K)
 Metaspace       used 27080K, committed 27392K, reserved 1114112K
  class space    used 3736K, committed 3904K, reserved 1048576K
}
Event: 17.716 GC heap after
{Heap after GC invocations=16 (full 0):
 garbage-first heap   total 83968K, used 41809K [0x0000000780000000, 0x0000000800000000)
  region size 1024K, 1 young (1024K), 1 survivors (1024K)
 Metaspace       used 27080K, committed 27392K, reserved 1114112K
  class space    used 3736K, committed 3904K, reserved 1048576K
}
Event: 21.614 GC heap before
{Heap before GC invocations=17 (full 0):
 garbage-first heap   total 104448K, used 70391K [0x0000000780000000, 0x0000000800000000)
  region size 1024K, 24 young (24576K), 1 survivors (1024K)
 Metaspace       used 27329K, committed 27648K, reserved 1114112K
  class space    used 3751K, committed 3904K, reserved 1048576K
}
Event: 21.618 GC heap after
{Heap after GC invocations=18 (full 0):
 garbage-first heap   total 104448K, used 40756K [0x0000000780000000, 0x0000000800000000)
  region size 1024K, 2 young (2048K), 2 survivors (2048K)
 Metaspace       used 27329K, committed 27648K, reserved 1114112K
  class space    used 3751K, committed 3904K, reserved 1048576K
}
Event: 22.832 GC heap before
{Heap before GC invocations=18 (full 0):
 garbage-first heap   total 104448K, used 69428K [0x0000000780000000, 0x0000000800000000)
  region size 1024K, 25 young (25600K), 2 survivors (2048K)
 Metaspace       used 28757K, committed 29120K, reserved 1114112K
  class space    used 4017K, committed 4224K, reserved 1048576K
}
Event: 22.839 GC heap after
{Heap after GC invocations=19 (full 0):
 garbage-first heap   total 104448K, used 49365K [0x0000000780000000, 0x0000000800000000)
  region size 1024K, 5 young (5120K), 5 survivors (5120K)
 Metaspace       used 28757K, committed 29120K, reserved 1114112K
  class space    used 4017K, committed 4224K, reserved 1048576K
}

