# JRE version: Java(TM) SE Runtime Environment (17.0.8+9) (build 17.0.8+9-LTS-211)
# Java VM: Java HotSpot(TM) 64-Bit Server VM (17.0.8+9-LTS-211, mixed mode, sharing, tiered, compressed oops, compressed class ptrs, g1 gc, bsd-amd64)
GC Precious Log:
 CPUs: 4 total, 4 available
 Memory: 8192M
 Large Page Support: Disabled
 NUMA Support: Disabled
 Compressed Oops: Enabled (Zero based)
 Heap Region Size: 1M
 Heap Min Capacity: 8M
 Heap Initial Capacity: 128M
 Heap Max Capacity: 2G
 Pre-touch: Disabled
 Parallel Workers: 4
 Concurrent Workers: 1
 Concurrent Refinement Workers: 4
 Periodic GC: Disabled
Heap:
 garbage-first heap   total 83968K, used 58169K [0x0000000780000000, 0x0000000800000000)
  region size 1024K, 14 young (14336K), 2 survivors (2048K)
 Metaspace       used 29615K, committed 29952K, reserved 1114112K
  class space    used 4180K, committed 4352K, reserved 1048576K
GC Heap History (20 events):
Event: 1.929 GC heap before
{Heap before GC invocations=1 (full 0):
 garbage-first heap   total 133120K, used 25085K [0x0000000780000000, 0x0000000800000000)
  region size 1024K, 25 young (25600K), 2 survivors (2048K)
 Metaspace       used 8925K, committed 9152K, reserved 1114112K
  class space    used 1178K, committed 1280K, reserved 1048576K
}
Event: 1.942 GC heap after
{Heap after GC invocations=2 (full 0):
 garbage-first heap   total 133120K, used 7022K [0x0000000780000000, 0x0000000800000000)
  region size 1024K, 4 young (4096K), 4 survivors (4096K)
 Metaspace       used 8925K, committed 9152K, reserved 1114112K
  class space    used 1178K, committed 1280K, reserved 1048576K
}
Event: 4.691 GC heap before
{Heap before GC invocations=2 (full 0):
 garbage-first heap   total 133120K, used 58222K [0x0000000780000000, 0x0000000800000000)
  region size 1024K, 49 young (50176K), 4 survivors (4096K)
 Metaspace       used 21271K, committed 21504K, reserved 1114112K
  class space    used 3084K, committed 3200K, reserved 1048576K
}
Event: 4.718 GC heap after
{Heap after GC invocations=3 (full 0):
 garbage-first heap   total 133120K, used 15305K [0x0000000780000000, 0x0000000800000000)
  region size 1024K, 9 young (9216K), 9 survivors (9216K)
 Metaspace       used 21271K, committed 21504K, reserved 1114112K
  class space    used 3084K, committed 3200K, reserved 1048576K
}
Event: 8.579 GC heap before
{Heap before GC invocations=4 (full 0):
 garbage-first heap   total 61440K, used 48073K [0x0000000780000000, 0x0000000800000000)
  region size 1024K, 29 young (29696K), 9 survivors (9216K)
 Metaspace       used 23464K, committed 23808K, reserved 1114112K
  class space    used 3301K, committed 3456K, reserved 1048576K
}
Event: 8.603 GC heap after
{Heap after GC invocations=5 (full 0):
 garbage-first heap   total 64512K, used 32958K [0x0000000780000000, 0x0000000800000000)
  region size 1024K, 4 young (4096K), 4 survivors (4096K)
 Metaspace       used 23464K, committed 23808K, reserved 1114112K
  class space    used 3301K, committed 3456K, reserved 1048576K
}
Event: 8.722 GC heap before
{Heap before GC invocations=5 (full 0):
 garbage-first heap   total 64512K, used 36030K [0x0000000780000000, 0x0000000800000000)
  region size 1024K, 8 young (8192K), 4 survivors (4096K)
 Metaspace       used 23620K, committed 23872K, reserved 1114112K
  class space    used 3316K, committed 3456K, reserved 1048576K
}
Event: 8.728 GC heap after
{Heap after GC invocations=6 (full 0):
 garbage-first heap   total 64512K, used 33247K [0x0000000780000000, 0x0000000800000000)
  region size 1024K, 1 young (1024K), 1 survivors (1024K)
 Metaspace       used 23620K, committed 23872K, reserved 1114112K
  class space    used 3316K, committed 3456K, reserved 1048576K
}
Event: 9.572 GC heap before
{Heap before GC invocations=7 (full 0):
 garbage-first heap   total 64512K, used 48607K [0x0000000780000000, 0x0000000800000000)
  region size 1024K, 15 young (15360K), 1 survivors (1024K)
 Metaspace       used 24829K, committed 25152K, reserved 1114112K
  class space    used 3495K, committed 3648K, reserved 1048576K
}
Event: 9.578 GC heap after
{Heap after GC invocations=8 (full 0):
 garbage-first heap   total 64512K, used 38213K [0x0000000780000000, 0x0000000800000000)
  region size 1024K, 2 young (2048K), 2 survivors (2048K)
 Metaspace       used 24829K, committed 25152K, reserved 1114112K
  class space    used 3495K, committed 3648K, reserved 1048576K
}
Event: 9.603 GC heap before
{Heap before GC invocations=8 (full 0):
 garbage-first heap   total 64512K, used 39237K [0x0000000780000000, 0x0000000800000000)
  region size 1024K, 3 young (3072K), 2 survivors (2048K)
 Metaspace       used 24848K, committed 25152K, reserved 1114112K
  class space    used 3496K, committed 3648K, reserved 1048576K
}
Event: 9.615 GC heap after
{Heap after GC invocations=9 (full 0):
 garbage-first heap   total 64512K, used 38120K [0x0000000780000000, 0x0000000800000000)
  region size 1024K, 1 young (1024K), 1 survivors (1024K)
 Metaspace       used 24848K, committed 25152K, reserved 1114112K
  class space    used 3496K, committed 3648K, reserved 1048576K
}
Event: 9.765 GC heap before
{Heap before GC invocations=9 (full 0):
 garbage-first heap   total 64512K, used 48360K [0x0000000780000000, 0x0000000800000000)
  region size 1024K, 12 young (12288K), 1 survivors (1024K)
 Metaspace       used 25090K, committed 25408K, reserved 1114112K
  class space    used 3521K, committed 3648K, reserved 1048576K
}
Event: 9.768 GC heap after
{Heap after GC invocations=10 (full 0):
 garbage-first heap   total 64512K, used 40613K [0x0000000780000000, 0x0000000800000000)
  region size 1024K, 2 young (2048K), 2 survivors (2048K)
 Metaspace       used 25090K, committed 25408K, reserved 1114112K
  class space    used 3521K, committed 3648K, reserved 1048576K
}
Event: 10.041 GC heap before
{Heap before GC invocations=11 (full 0):
 garbage-first heap   total 70656K, used 47781K [0x0000000780000000, 0x0000000800000000)
  region size 1024K, 11 young (11264K), 2 survivors (2048K)
 Metaspace       used 26259K, committed 26560K, reserved 1114112K
  class space    used 3757K, committed 3904K, reserved 1048576K
}
Event: 10.046 GC heap after
{Heap after GC invocations=12 (full 0):
 garbage-first heap   total 70656K, used 40338K [0x0000000780000000, 0x0000000800000000)
  region size 1024K, 2 young (2048K), 2 survivors (2048K)
 Metaspace       used 26259K, committed 26560K, reserved 1114112K
  class space    used 3757K, committed 3904K, reserved 1048576K
}
Event: 11.512 GC heap before
{Heap before GC invocations=12 (full 0):
 garbage-first heap   total 70656K, used 52626K [0x0000000780000000, 0x0000000800000000)
  region size 1024K, 15 young (15360K), 2 survivors (2048K)
 Metaspace       used 28239K, committed 28544K, reserved 1114112K
  class space    used 3987K, committed 4160K, reserved 1048576K
}
Event: 11.516 GC heap after
{Heap after GC invocations=13 (full 0):
 garbage-first heap   total 70656K, used 42525K [0x0000000780000000, 0x0000000800000000)
  region size 1024K, 2 young (2048K), 2 survivors (2048K)
 Metaspace       used 28239K, committed 28544K, reserved 1114112K
  class space    used 3987K, committed 4160K, reserved 1048576K
}
Event: 12.767 GC heap before
{Heap before GC invocations=14 (full 0):
 garbage-first heap   total 78848K, used 50717K [0x0000000780000000, 0x0000000800000000)
  region size 1024K, 11 young (11264K), 2 survivors (2048K)
 Metaspace       used 28720K, committed 29056K, reserved 1114112K
  class space    used 4045K, committed 4224K, reserved 1048576K
}
Event: 12.772 GC heap after
{Heap after GC invocations=15 (full 0):
 garbage-first heap   total 78848K, used 44857K [0x0000000780000000, 0x0000000800000000)
  region size 1024K, 2 young (2048K), 2 survivors (2048K)
 Metaspace       used 28720K, committed 29056K, reserved 1114112K
  class space    used 4045K, committed 4224K, reserved 1048576K
}

