# JRE version: Java(TM) SE Runtime Environment (17.0.8+9) (build 17.0.8+9-LTS-211)
# Java VM: Java HotSpot(TM) 64-Bit Server VM (17.0.8+9-LTS-211, mixed mode, sharing, tiered, compressed oops, compressed class ptrs, g1 gc, bsd-amd64)
GC Precious Log:
 CPUs: 4 total, 4 available
 Memory: 8192M
 Large Page Support: Disabled
 NUMA Support: Disabled
 Compressed Oops: Enabled (Zero based)
 Heap Region Size: 1M
 Heap Min Capacity: 8M
 Heap Initial Capacity: 128M
 Heap Max Capacity: 2G
 Pre-touch: Disabled
 Parallel Workers: 4
 Concurrent Workers: 1
 Concurrent Refinement Workers: 4
 Periodic GC: Disabled
Heap:
 garbage-first heap   total 102400K, used 72986K [0x0000000780000000, 0x0000000800000000)
  region size 1024K, 13 young (13312K), 1 survivors (1024K)
 Metaspace       used 28697K, committed 28992K, reserved 1114112K
  class space    used 4016K, committed 4160K, reserved 1048576K
GC Heap History (20 events):
Event: 11.464 GC heap before
{Heap before GC invocations=7 (full 0):
 garbage-first heap   total 66560K, used 49258K [0x0000000780000000, 0x0000000800000000)
  region size 1024K, 18 young (18432K), 3 survivors (3072K)
 Metaspace       used 25182K, committed 25472K, reserved 1114112K
  class space    used 3535K, committed 3648K, reserved 1048576K
}
Event: 11.471 GC heap after
{Heap after GC invocations=8 (full 0):
 garbage-first heap   total 66560K, used 37712K [0x0000000780000000, 0x0000000800000000)
  region size 1024K, 3 young (3072K), 3 survivors (3072K)
 Metaspace       used 25182K, committed 25472K, reserved 1114112K
  class space    used 3535K, committed 3648K, reserved 1048576K
}
Event: 11.478 GC heap before
{Heap before GC invocations=8 (full 0):
 garbage-first heap   total 66560K, used 50000K [0x0000000780000000, 0x0000000800000000)
  region size 1024K, 16 young (16384K), 3 survivors (3072K)
 Metaspace       used 25183K, committed 25472K, reserved 1114112K
  class space    used 3535K, committed 3648K, reserved 1048576K
}
Event: 11.481 GC heap after
{Heap after GC invocations=9 (full 0):
 garbage-first heap   total 66560K, used 39593K [0x0000000780000000, 0x0000000800000000)
  region size 1024K, 2 young (2048K), 2 survivors (2048K)
 Metaspace       used 25183K, committed 25472K, reserved 1114112K
  class space    used 3535K, committed 3648K, reserved 1048576K
}
Event: 11.558 GC heap before
{Heap before GC invocations=9 (full 0):
 garbage-first heap   total 80896K, used 49833K [0x0000000780000000, 0x0000000800000000)
  region size 1024K, 13 young (13312K), 2 survivors (2048K)
 Metaspace       used 25232K, committed 25472K, reserved 1114112K
  class space    used 3536K, committed 3648K, reserved 1048576K
}
Event: 11.560 GC heap after
{Heap after GC invocations=10 (full 0):
 garbage-first heap   total 80896K, used 42009K [0x0000000780000000, 0x0000000800000000)
  region size 1024K, 2 young (2048K), 2 survivors (2048K)
 Metaspace       used 25232K, committed 25472K, reserved 1114112K
  class space    used 3536K, committed 3648K, reserved 1048576K
}
Event: 13.180 GC heap before
{Heap before GC invocations=11 (full 0):
 garbage-first heap   total 80896K, used 59417K [0x0000000780000000, 0x0000000800000000)
  region size 1024K, 20 young (20480K), 2 survivors (2048K)
 Metaspace       used 26930K, committed 27200K, reserved 1114112K
  class space    used 3824K, committed 3968K, reserved 1048576K
}
Event: 13.187 GC heap after
{Heap after GC invocations=12 (full 0):
 garbage-first heap   total 80896K, used 45311K [0x0000000780000000, 0x0000000800000000)
  region size 1024K, 3 young (3072K), 3 survivors (3072K)
 Metaspace       used 26930K, committed 27200K, reserved 1114112K
  class space    used 3824K, committed 3968K, reserved 1048576K
}
Event: 13.398 GC heap before
{Heap before GC invocations=12 (full 0):
 garbage-first heap   total 80896K, used 57599K [0x0000000780000000, 0x0000000800000000)
  region size 1024K, 17 young (17408K), 3 survivors (3072K)
 Metaspace       used 27046K, committed 27392K, reserved 1114112K
  class space    used 3829K, committed 3968K, reserved 1048576K
}
Event: 13.403 GC heap after
{Heap after GC invocations=13 (full 0):
 garbage-first heap   total 80896K, used 48272K [0x0000000780000000, 0x0000000800000000)
  region size 1024K, 3 young (3072K), 3 survivors (3072K)
 Metaspace       used 27046K, committed 27392K, reserved 1114112K
  class space    used 3829K, committed 3968K, reserved 1048576K
}
Event: 13.410 GC heap before
{Heap before GC invocations=13 (full 0):
 garbage-first heap   total 80896K, used 61584K [0x0000000780000000, 0x0000000800000000)
  region size 1024K, 16 young (16384K), 3 survivors (3072K)
 Metaspace       used 27046K, committed 27392K, reserved 1114112K
  class space    used 3829K, committed 3968K, reserved 1048576K
}
Event: 13.412 GC heap after
{Heap after GC invocations=14 (full 0):
 garbage-first heap   total 102400K, used 49246K [0x0000000780000000, 0x0000000800000000)
  region size 1024K, 1 young (1024K), 1 survivors (1024K)
 Metaspace       used 27046K, committed 27392K, reserved 1114112K
  class space    used 3829K, committed 3968K, reserved 1048576K
}
Event: 13.649 GC heap before
{Heap before GC invocations=15 (full 0):
 garbage-first heap   total 102400K, used 77918K [0x0000000780000000, 0x0000000800000000)
  region size 1024K, 28 young (28672K), 1 survivors (1024K)
 Metaspace       used 27372K, committed 27648K, reserved 1114112K
  class space    used 3894K, committed 4032K, reserved 1048576K
}
Event: 13.655 GC heap after
{Heap after GC invocations=16 (full 0):
 garbage-first heap   total 102400K, used 52526K [0x0000000780000000, 0x0000000800000000)
  region size 1024K, 4 young (4096K), 4 survivors (4096K)
 Metaspace       used 27372K, committed 27648K, reserved 1114112K
  class space    used 3894K, committed 4032K, reserved 1048576K
}
Event: 13.668 GC heap before
{Heap before GC invocations=16 (full 0):
 garbage-first heap   total 102400K, used 57646K [0x0000000780000000, 0x0000000800000000)
  region size 1024K, 11 young (11264K), 4 survivors (4096K)
 Metaspace       used 27402K, committed 27648K, reserved 1114112K
  class space    used 3900K, committed 4032K, reserved 1048576K
}
Event: 13.670 GC heap after
{Heap after GC invocations=17 (full 0):
 garbage-first heap   total 102400K, used 52647K [0x0000000780000000, 0x0000000800000000)
  region size 1024K, 1 young (1024K), 1 survivors (1024K)
 Metaspace       used 27402K, committed 27648K, reserved 1114112K
  class space    used 3900K, committed 4032K, reserved 1048576K
}
Event: 22.481 GC heap before
{Heap before GC invocations=18 (full 0):
 garbage-first heap   total 102400K, used 82343K [0x0000000780000000, 0x0000000800000000)
  region size 1024K, 27 young (27648K), 1 survivors (1024K)
 Metaspace       used 28452K, committed 28736K, reserved 1114112K
  class space    used 4014K, committed 4160K, reserved 1048576K
}
Event: 22.492 GC heap after
{Heap after GC invocations=19 (full 0):
 garbage-first heap   total 102400K, used 62228K [0x0000000780000000, 0x0000000800000000)
  region size 1024K, 4 young (4096K), 4 survivors (4096K)
 Metaspace       used 28452K, committed 28736K, reserved 1114112K
  class space    used 4014K, committed 4160K, reserved 1048576K
}
Event: 26.289 GC heap before
{Heap before GC invocations=19 (full 0):
 garbage-first heap   total 102400K, used 63252K [0x0000000780000000, 0x0000000800000000)
  region size 1024K, 5 young (5120K), 4 survivors (4096K)
 Metaspace       used 28467K, committed 28736K, reserved 1114112K
  class space    used 4014K, committed 4160K, reserved 1048576K
}
Event: 26.298 GC heap after
{Heap after GC invocations=20 (full 0):
 garbage-first heap   total 102400K, used 61722K [0x0000000780000000, 0x0000000800000000)
  region size 1024K, 1 young (1024K), 1 survivors (1024K)
 Metaspace       used 28467K, committed 28736K, reserved 1114112K
  class space    used 4014K, committed 4160K, reserved 1048576K
}

