# JRE version: Java(TM) SE Runtime Environment (17.0.8+9) (build 17.0.8+9-LTS-211)
# Java VM: Java HotSpot(TM) 64-Bit Server VM (17.0.8+9-LTS-211, mixed mode, sharing, tiered, compressed oops, compressed class ptrs, g1 gc, bsd-amd64)
GC Precious Log:
 CPUs: 4 total, 4 available
 Memory: 8192M
 Large Page Support: Disabled
 NUMA Support: Disabled
 Compressed Oops: Enabled (Zero based)
 Heap Region Size: 1M
 Heap Min Capacity: 8M
 Heap Initial Capacity: 128M
 Heap Max Capacity: 2G
 Pre-touch: Disabled
 Parallel Workers: 4
 Concurrent Workers: 1
 Concurrent Refinement Workers: 4
 Periodic GC: Disabled
Heap:
 garbage-first heap   total 109568K, used 86663K [0x0000000780000000, 0x0000000800000000)
  region size 1024K, 60 young (61440K), 4 survivors (4096K)
 Metaspace       used 26460K, committed 26816K, reserved 1114112K
  class space    used 3711K, committed 3904K, reserved 1048576K
GC Heap History (8 events):
Event: 0.824 GC heap before
{Heap before GC invocations=0 (full 0):
 garbage-first heap   total 133120K, used 13272K [0x0000000780000000, 0x0000000800000000)
  region size 1024K, 13 young (13312K), 0 survivors (0K)
 Metaspace       used 3002K, committed 3200K, reserved 1114112K
  class space    used 338K, committed 448K, reserved 1048576K
}
Event: 0.826 GC heap after
{Heap after GC invocations=1 (full 0):
 garbage-first heap   total 133120K, used 2408K [0x0000000780000000, 0x0000000800000000)
  region size 1024K, 2 young (2048K), 2 survivors (2048K)
 Metaspace       used 3002K, committed 3200K, reserved 1114112K
  class space    used 338K, committed 448K, reserved 1048576K
}
Event: 1.712 GC heap before
{Heap before GC invocations=1 (full 0):
 garbage-first heap   total 133120K, used 24936K [0x0000000780000000, 0x0000000800000000)
  region size 1024K, 25 young (25600K), 2 survivors (2048K)
 Metaspace       used 9231K, committed 9408K, reserved 1114112K
  class space    used 1259K, committed 1344K, reserved 1048576K
}
Event: 1.721 GC heap after
{Heap after GC invocations=2 (full 0):
 garbage-first heap   total 133120K, used 7267K [0x0000000780000000, 0x0000000800000000)
  region size 1024K, 4 young (4096K), 4 survivors (4096K)
 Metaspace       used 9231K, committed 9408K, reserved 1114112K
  class space    used 1259K, committed 1344K, reserved 1048576K
}
Event: 27.290 GC heap before
{Heap before GC invocations=2 (full 0):
 garbage-first heap   total 133120K, used 66659K [0x0000000780000000, 0x0000000800000000)
  region size 1024K, 42 young (43008K), 4 survivors (4096K)
 Metaspace       used 18383K, committed 18624K, reserved 1114112K
  class space    used 2644K, committed 2752K, reserved 1048576K
}
Event: 27.310 GC heap after
{Heap after GC invocations=3 (full 0):
 garbage-first heap   total 133120K, used 29493K [0x0000000780000000, 0x0000000800000000)
  region size 1024K, 6 young (6144K), 6 survivors (6144K)
 Metaspace       used 18383K, committed 18624K, reserved 1114112K
  class space    used 2644K, committed 2752K, reserved 1048576K
}
Event: 27.747 GC heap before
{Heap before GC invocations=3 (full 0):
 garbage-first heap   total 133120K, used 39733K [0x0000000780000000, 0x0000000800000000)
  region size 1024K, 17 young (17408K), 6 survivors (6144K)
 Metaspace       used 21299K, committed 21504K, reserved 1114112K
  class space    used 3074K, committed 3200K, reserved 1048576K
}
Event: 27.761 GC heap after
{Heap after GC invocations=4 (full 0):
 garbage-first heap   total 133120K, used 30343K [0x0000000780000000, 0x0000000800000000)
  region size 1024K, 4 young (4096K), 4 survivors (4096K)
 Metaspace       used 21299K, committed 21504K, reserved 1114112K
  class space    used 3074K, committed 3200K, reserved 1048576K
}

